TN:
SF:src/VaultV2Supervisor.sol
DA:93,4
FN:93,VaultV2Supervisor.onlyOwner
FNDA:4,VaultV2Supervisor.onlyOwner
DA:94,4
BRDA:94,0,0,-
BRDA:94,0,1,-
DA:99,2
FN:99,VaultV2Supervisor.onlyGuardian
FNDA:2,VaultV2Supervisor.onlyGuardian
DA:100,2
BRDA:100,1,0,-
BRDA:100,1,1,-
DA:106,41
FN:106,VaultV2Supervisor.constructor
FNDA:41,VaultV2Supervisor.constructor
DA:107,41
BRDA:107,2,0,-
BRDA:107,2,1,-
DA:108,40
DA:109,40
DA:110,40
DA:115,7
FN:115,VaultV2Supervisor.transferSupervisorOwnership
FNDA:7,VaultV2Supervisor.transferSupervisorOwnership
DA:116,7
BRDA:116,3,0,-
BRDA:116,3,1,-
DA:117,6
BRDA:117,4,0,-
BRDA:117,4,1,-
DA:118,5
BRDA:118,5,0,-
BRDA:118,5,1,-
DA:120,4
DA:121,4
DA:125,2
FN:125,VaultV2Supervisor.acceptSupervisorOwnership
FNDA:2,VaultV2Supervisor.acceptSupervisorOwnership
DA:126,2
BRDA:126,6,0,-
BRDA:126,6,1,-
DA:128,1
DA:129,1
DA:130,1
DA:131,1
DA:136,17
FN:136,VaultV2Supervisor.submit
FNDA:17,VaultV2Supervisor.submit
DA:137,17
BRDA:137,7,0,-
BRDA:137,7,1,-
DA:138,16
BRDA:138,8,0,-
BRDA:138,8,1,-
DA:140,15
DA:141,15
DA:142,15
DA:144,15
BRDA:144,9,0,8
DA:145,8
DA:146,8
BRDA:146,10,0,8
BRDA:146,10,1,7
DA:147,6
BRDA:147,11,0,6
BRDA:147,11,1,-
DA:148,6
BRDA:148,12,0,-
BRDA:148,12,1,-
DA:149,6
DA:152,11
DA:153,11
DA:158,4
FN:158,VaultV2Supervisor.revoke.0
FNDA:4,VaultV2Supervisor.revoke.0
DA:159,4
DA:160,4
DA:162,4
BRDA:162,13,0,4
BRDA:162,13,1,4
DA:163,3
BRDA:163,14,0,-
BRDA:163,14,1,-
DA:165,2
BRDA:165,15,0,1
DA:166,1
DA:169,2
DA:170,4
DA:176,1
FN:176,VaultV2Supervisor.revokeGuardianRemoval
FNDA:1,VaultV2Supervisor.revokeGuardianRemoval
DA:177,1
DA:178,1
DA:179,1
DA:184,2
FN:184,VaultV2Supervisor.revokeVaultOwnerChange
FNDA:2,VaultV2Supervisor.revokeVaultOwnerChange
DA:185,2
DA:186,2
DA:191,2
DA:195,3
FN:195,VaultV2Supervisor._revokeKnownVault
FNDA:3,VaultV2Supervisor._revokeKnownVault
DA:196,3
BRDA:196,16,0,3
BRDA:196,16,1,2
DA:197,3
BRDA:197,17,0,-
BRDA:197,17,1,-
DA:199,2
BRDA:199,18,0,1
DA:200,1
DA:203,2
DA:204,2
DA:208,8
FN:208,VaultV2Supervisor.timelocked
FNDA:8,VaultV2Supervisor.timelocked
DA:209,8
DA:210,8
BRDA:210,19,0,-
BRDA:210,19,1,-
DA:211,8
BRDA:211,20,0,-
BRDA:211,20,1,-
DA:212,4
DA:218,42
FN:218,VaultV2Supervisor.setCurator
FNDA:42,VaultV2Supervisor.setCurator
DA:219,42
BRDA:219,21,0,42
BRDA:219,21,1,-
DA:220,41
DA:226,3
FN:226,VaultV2Supervisor.setName
FNDA:3,VaultV2Supervisor.setName
DA:227,3
BRDA:227,22,0,3
BRDA:227,22,1,3
DA:228,2
DA:234,3
FN:234,VaultV2Supervisor.setSymbol
FNDA:3,VaultV2Supervisor.setSymbol
DA:235,3
BRDA:235,23,0,3
BRDA:235,23,1,3
DA:236,2
DA:242,1
FN:242,VaultV2Supervisor.setSkimRecipient
FNDA:1,VaultV2Supervisor.setSkimRecipient
DA:243,1
DA:249,2
FN:249,VaultV2Supervisor.addSentinel
FNDA:2,VaultV2Supervisor.addSentinel
DA:250,2
DA:256,45
FN:256,VaultV2Supervisor.setAllowedVaultOwner
FNDA:45,VaultV2Supervisor.setAllowedVaultOwner
DA:257,45
BRDA:257,24,0,-
BRDA:257,24,1,-
DA:258,44
BRDA:258,25,0,-
BRDA:258,25,1,-
DA:259,42
DA:260,45
DA:267,15
FN:267,VaultV2Supervisor.addGuardian
FNDA:15,VaultV2Supervisor.addGuardian
DA:268,15
BRDA:268,26,0,15
BRDA:268,26,1,14
DA:270,13
DA:271,13
BRDA:271,27,0,2
BRDA:271,27,1,2
DA:276,12
BRDA:276,28,0,-
BRDA:276,28,1,-
DA:277,11
DA:278,13
DA:282,4
FN:282,VaultV2Supervisor.getVaults
FNDA:4,VaultV2Supervisor.getVaults
DA:283,4
DA:287,2
FN:287,VaultV2Supervisor.getOwnedVaults
FNDA:2,VaultV2Supervisor.getOwnedVaults
DA:288,2
DA:292,2
FN:292,VaultV2Supervisor.getNonOwnedVaults
FNDA:2,VaultV2Supervisor.getNonOwnedVaults
DA:293,2
DA:297,4
FN:297,VaultV2Supervisor._filterVaultsByOwnership
FNDA:4,VaultV2Supervisor._filterVaultsByOwnership
DA:298,4
DA:299,4
DA:300,4
DA:302,4
DA:303,4
DA:304,4
DA:305,4
BRDA:305,29,0,2
DA:306,2
DA:307,2
DA:312,0
DA:318,4
FN:318,VaultV2Supervisor.getGuardians
FNDA:4,VaultV2Supervisor.getGuardians
DA:319,4
DA:325,3
FN:325,VaultV2Supervisor.setOwner
FNDA:3,VaultV2Supervisor.setOwner
DA:326,0
DA:327,3
BRDA:327,30,0,1
BRDA:327,30,1,-
DA:328,1
DA:329,1
DA:335,3
FN:335,VaultV2Supervisor.removeSentinel
FNDA:3,VaultV2Supervisor.removeSentinel
DA:336,3
BRDA:336,31,0,-
BRDA:336,31,1,-
DA:337,3
DA:343,5
FN:343,VaultV2Supervisor.removeGuardian
FNDA:5,VaultV2Supervisor.removeGuardian
DA:344,0
DA:345,5
DA:347,3
BRDA:347,32,0,-
BRDA:347,32,1,-
DA:349,2
BRDA:349,33,0,1
DA:350,1
DA:353,5
DA:359,1
FN:359,VaultV2Supervisor.revoke.1
FNDA:1,VaultV2Supervisor.revoke.1
DA:360,1
DA:361,1
DA:368,41
FN:368,VaultV2Supervisor.setSupervisorAsSentinel
FNDA:41,VaultV2Supervisor.setSupervisorAsSentinel
DA:369,41
BRDA:369,34,0,41
BRDA:369,34,1,-
DA:370,40
DA:378,19
FN:378,VaultV2Supervisor._extractVaultAddress
FNDA:19,VaultV2Supervisor._extractVaultAddress
DA:379,19
BRDA:379,35,0,-
DA:380,19
BRDA:380,36,0,-
DA:381,19
DA:384,20
FN:384,VaultV2Supervisor._selector
FNDA:20,VaultV2Supervisor._selector
DA:385,20
BRDA:385,37,0,-
DA:387,0
DA:392,19
FN:392,VaultV2Supervisor._selectorUsesVault
FNDA:19,VaultV2Supervisor._selectorUsesVault
DA:393,19
DA:394,10
DA:395,10
DA:398,7
FN:398,VaultV2Supervisor._ownerOf
FNDA:7,VaultV2Supervisor._ownerOf
DA:399,7
DA:400,7
DA:401,7
BRDA:401,38,0,1
DA:402,6
DA:407,4
FN:407,VaultV2Supervisor.isOwnershipChanging
FNDA:4,VaultV2Supervisor.isOwnershipChanging
DA:408,4
DA:414,3
FN:414,VaultV2Supervisor.isGuardianBeingRemoved
FNDA:3,VaultV2Supervisor.isGuardianBeingRemoved
DA:415,3
DA:416,3
DA:422,2
FN:422,VaultV2Supervisor.isSentinelBeingRemoved
FNDA:2,VaultV2Supervisor.isSentinelBeingRemoved
DA:423,2
DA:424,2
DA:429,3
FN:429,VaultV2Supervisor.isVaultSupervised
FNDA:3,VaultV2Supervisor.isVaultSupervised
DA:430,3
FNF:36
FNH:36
LF:155
LH:151
BRF:69
BRH:24
end_of_record
