TN:
SF:src/VaultV2Supervisor.sol
DA:87,3
FN:87,VaultV2Supervisor.onlyOwner
FNDA:3,VaultV2Supervisor.onlyOwner
DA:88,3
BRDA:88,0,0,-
BRDA:88,0,1,-
DA:93,2
FN:93,VaultV2Supervisor.onlyGuardian
FNDA:2,VaultV2Supervisor.onlyGuardian
DA:94,2
BRDA:94,1,0,-
BRDA:94,1,1,-
DA:100,20
FN:100,VaultV2Supervisor.constructor
FNDA:20,VaultV2Supervisor.constructor
DA:101,20
BRDA:101,2,0,-
BRDA:101,2,1,-
DA:102,20
DA:103,20
DA:104,20
DA:109,1
FN:109,VaultV2Supervisor.setSupervisorOwner
FNDA:1,VaultV2Supervisor.setSupervisorOwner
DA:110,1
BRDA:110,3,0,-
BRDA:110,3,1,-
DA:111,1
BRDA:111,4,0,-
BRDA:111,4,1,-
DA:113,1
DA:114,1
DA:115,1
DA:120,9
FN:120,VaultV2Supervisor.submit
FNDA:9,VaultV2Supervisor.submit
DA:121,9
BRDA:121,5,0,-
BRDA:121,5,1,-
DA:122,9
BRDA:122,6,0,-
BRDA:122,6,1,-
DA:124,9
DA:125,9
DA:126,9
DA:128,9
BRDA:128,7,0,4
DA:129,4
DA:130,4
BRDA:130,8,0,4
BRDA:130,8,1,4
DA:131,4
BRDA:131,9,0,4
BRDA:131,9,1,-
DA:132,4
BRDA:132,10,0,-
BRDA:132,10,1,-
DA:133,4
DA:136,8
DA:137,8
DA:142,2
FN:142,VaultV2Supervisor.revoke.0
FNDA:2,VaultV2Supervisor.revoke.0
DA:143,2
DA:144,2
DA:146,2
BRDA:146,11,0,2
BRDA:146,11,1,1
DA:147,2
BRDA:147,12,0,-
BRDA:147,12,1,-
DA:149,2
BRDA:149,13,0,1
DA:150,1
DA:151,1
DA:154,2
DA:155,2
DA:159,8
FN:159,VaultV2Supervisor.timelocked
FNDA:8,VaultV2Supervisor.timelocked
DA:160,8
DA:161,8
BRDA:161,14,0,-
BRDA:161,14,1,-
DA:162,8
BRDA:162,15,0,-
BRDA:162,15,1,-
DA:163,5
DA:169,21
FN:169,VaultV2Supervisor.setCurator
FNDA:21,VaultV2Supervisor.setCurator
DA:170,21
BRDA:170,16,0,21
BRDA:170,16,1,-
DA:171,21
DA:177,1
FN:177,VaultV2Supervisor.setName
FNDA:1,VaultV2Supervisor.setName
DA:178,1
BRDA:178,17,0,1
BRDA:178,17,1,1
DA:179,1
DA:185,1
FN:185,VaultV2Supervisor.setSymbol
FNDA:1,VaultV2Supervisor.setSymbol
DA:186,1
BRDA:186,18,0,1
BRDA:186,18,1,1
DA:187,1
DA:193,1
FN:193,VaultV2Supervisor.setSkimRecipient
FNDA:1,VaultV2Supervisor.setSkimRecipient
DA:194,1
DA:200,1
FN:200,VaultV2Supervisor.addSentinel
FNDA:1,VaultV2Supervisor.addSentinel
DA:201,1
DA:207,21
FN:207,VaultV2Supervisor.setAllowedVaultOwner
FNDA:21,VaultV2Supervisor.setAllowedVaultOwner
DA:208,21
BRDA:208,19,0,-
BRDA:208,19,1,-
DA:209,21
BRDA:209,20,0,-
BRDA:209,20,1,-
DA:210,21
DA:211,21
DA:218,15
FN:218,VaultV2Supervisor.addGuardian
FNDA:15,VaultV2Supervisor.addGuardian
DA:219,15
BRDA:219,21,0,15
BRDA:219,21,1,14
DA:221,13
DA:222,13
BRDA:222,22,0,2
BRDA:222,22,1,2
DA:227,12
BRDA:227,23,0,-
BRDA:227,23,1,-
DA:228,11
DA:229,13
DA:233,3
FN:233,VaultV2Supervisor.getVaults
FNDA:3,VaultV2Supervisor.getVaults
DA:234,3
DA:238,1
FN:238,VaultV2Supervisor.getOwnedVaults
FNDA:1,VaultV2Supervisor.getOwnedVaults
DA:239,1
DA:243,1
FN:243,VaultV2Supervisor.getNonOwnedVaults
FNDA:1,VaultV2Supervisor.getNonOwnedVaults
DA:244,1
DA:248,2
FN:248,VaultV2Supervisor._filterVaultsByOwnership
FNDA:2,VaultV2Supervisor._filterVaultsByOwnership
DA:249,2
DA:250,2
DA:251,2
DA:253,2
DA:254,4
DA:255,4
DA:256,4
BRDA:256,24,0,2
DA:257,2
DA:258,2
DA:263,0
DA:269,4
FN:269,VaultV2Supervisor.getGuardians
FNDA:4,VaultV2Supervisor.getGuardians
DA:270,4
DA:276,2
FN:276,VaultV2Supervisor.setOwner
FNDA:2,VaultV2Supervisor.setOwner
DA:277,0
DA:278,2
BRDA:278,25,0,1
BRDA:278,25,1,-
DA:279,1
DA:280,1
DA:286,3
FN:286,VaultV2Supervisor.removeSentinel
FNDA:3,VaultV2Supervisor.removeSentinel
DA:287,0
DA:288,1
BRDA:288,26,0,-
BRDA:288,26,1,-
DA:289,3
DA:295,3
FN:295,VaultV2Supervisor.removeGuardian
FNDA:3,VaultV2Supervisor.removeGuardian
DA:296,0
DA:297,3
DA:299,3
BRDA:299,27,0,-
BRDA:299,27,1,-
DA:301,2
BRDA:301,28,0,1
DA:302,1
DA:305,3
DA:311,2
FN:311,VaultV2Supervisor.revoke.1
FNDA:2,VaultV2Supervisor.revoke.1
DA:312,2
DA:313,2
DA:320,20
FN:320,VaultV2Supervisor.setSupervisorAsSentinel
FNDA:20,VaultV2Supervisor.setSupervisorAsSentinel
DA:321,20
BRDA:321,29,0,20
BRDA:321,29,1,-
DA:322,20
DA:330,11
FN:330,VaultV2Supervisor._extractVaultAddress
FNDA:11,VaultV2Supervisor._extractVaultAddress
DA:331,11
BRDA:331,30,0,-
DA:332,11
BRDA:332,31,0,-
DA:333,11
DA:336,13
FN:336,VaultV2Supervisor._selector
FNDA:13,VaultV2Supervisor._selector
DA:337,13
BRDA:337,32,0,-
DA:339,0
DA:344,11
FN:344,VaultV2Supervisor._selectorUsesVault
FNDA:11,VaultV2Supervisor._selectorUsesVault
DA:345,11
DA:346,6
DA:347,3
DA:350,7
FN:350,VaultV2Supervisor._ownerOf
FNDA:7,VaultV2Supervisor._ownerOf
DA:351,7
DA:352,7
DA:353,7
BRDA:353,33,0,1
DA:354,6
DA:359,3
FN:359,VaultV2Supervisor.isOwnershipChanging
FNDA:3,VaultV2Supervisor.isOwnershipChanging
DA:360,3
DA:366,0
FN:366,VaultV2Supervisor.isGuardianBeingRemoved
FNDA:0,VaultV2Supervisor.isGuardianBeingRemoved
DA:367,0
DA:368,0
DA:374,0
FN:374,VaultV2Supervisor.isSentinelBeingRemoved
FNDA:0,VaultV2Supervisor.isSentinelBeingRemoved
DA:375,0
DA:376,0
DA:381,3
FN:381,VaultV2Supervisor.isVaultSupervised
FNDA:3,VaultV2Supervisor.isVaultSupervised
DA:382,3
FNF:32
FNH:30
LF:136
LH:125
BRF:60
BRH:21
end_of_record
